<?xml version="1.0" encoding="UTF-8"?>
<!-- Generated by org.testng.reporters.JUnitReportReporter -->
<testsuite skipped="0" hostname="LAPTOP-1J510GMI" name="sample.sample.com.MouseHover3" tests="1" failures="0" timestamp="2020-04-06T22:09:01 IST" time="25.473" errors="0">
  <testcase name="openBrowser" time="25.473" classname="sample.sample.com.MouseHover3"/>
  <system-out/>
</testsuite> <!-- sample.sample.com.MouseHover3 -->
